

Started GET "/" for ::1 at 2015-03-11 14:31:04 -0500
Processing by HomeController#index as HTML
  Rendered layouts/_header.html.haml (19.7ms)
  Rendered layouts/_footer.html.haml (1.1ms)
  Rendered home/index.html.haml within layouts/application (509.8ms)
Completed 200 OK in 4405ms (Views: 4404.7ms | ActiveRecord: 0.0ms)


Started GET "/" for ::1 at 2015-03-11 14:39:22 -0500
Processing by HomeController#index as HTML
  Rendered layouts/_header.html.haml (13.0ms)
  Rendered layouts/_footer.html.haml (1.4ms)
  Rendered home/index.html.haml within layouts/application (457.3ms)
Completed 200 OK in 657ms (Views: 655.9ms | ActiveRecord: 0.0ms)


Started GET "/" for ::1 at 2015-03-11 14:42:56 -0500
Processing by HomeController#index as HTML
  Rendered layouts/_header.html.haml (1.6ms)
  Rendered layouts/_footer.html.haml (0.1ms)
  Rendered home/index.html.haml within layouts/application (11.2ms)
Completed 200 OK in 3214ms (Views: 3214.1ms | ActiveRecord: 0.0ms)


Started GET "/" for ::1 at 2015-03-11 14:44:13 -0500
Processing by HomeController#index as HTML
  Rendered layouts/_header.html.haml (1.3ms)
  Rendered layouts/_footer.html.haml (0.1ms)
  Rendered home/index.html.haml within layouts/application (10.4ms)
Completed 200 OK in 3232ms (Views: 3231.6ms | ActiveRecord: 0.0ms)


Started GET "/" for ::1 at 2015-03-11 14:53:24 -0500
Processing by HomeController#index as HTML
  Rendered layouts/_header.html.haml (3.9ms)
  Rendered layouts/_footer.html.haml (0.2ms)
  Rendered home/index.html.haml within layouts/application (268.2ms)
Completed 200 OK in 370ms (Views: 368.3ms | ActiveRecord: 0.0ms)


Started GET "/" for ::1 at 2015-03-11 14:54:26 -0500
Processing by HomeController#index as HTML
  Rendered layouts/_header.html.haml (1.9ms)
  Rendered layouts/_footer.html.haml (0.1ms)
  Rendered home/index.html.haml within layouts/application (119.8ms)
Completed 200 OK in 238ms (Views: 237.5ms | ActiveRecord: 0.0ms)


Started GET "/" for ::1 at 2015-03-11 14:54:39 -0500
Processing by HomeController#index as HTML
  Rendered layouts/_header.html.haml (1.7ms)
  Rendered layouts/_footer.html.haml (0.1ms)
  Rendered home/index.html.haml within layouts/application (12.2ms)
Completed 200 OK in 96ms (Views: 95.9ms | ActiveRecord: 0.0ms)


Started GET "/" for ::1 at 2015-03-11 14:55:53 -0500
Processing by HomeController#index as HTML
  Rendered layouts/_header.html.haml (1.5ms)
  Rendered layouts/_footer.html.haml (0.1ms)
  Rendered home/index.html.haml within layouts/application (190.6ms)
Completed 200 OK in 294ms (Views: 293.4ms | ActiveRecord: 0.0ms)


Started GET "/" for ::1 at 2015-03-11 14:58:18 -0500
Processing by HomeController#index as HTML
  Rendered layouts/_header.html.haml (43.8ms)
  Rendered layouts/_footer.html.haml (0.4ms)
  Rendered home/index.html.haml within layouts/application (55.3ms)
Completed 200 OK in 179ms (Views: 178.9ms | ActiveRecord: 0.0ms)


Started GET "/" for ::1 at 2015-03-11 14:58:20 -0500
Processing by HomeController#index as HTML
  Rendered layouts/_header.html.haml (1.9ms)
  Rendered layouts/_footer.html.haml (0.1ms)
  Rendered home/index.html.haml within layouts/application (11.1ms)
Completed 200 OK in 82ms (Views: 82.1ms | ActiveRecord: 0.0ms)


Started GET "/" for ::1 at 2015-03-11 15:15:32 -0500
Processing by HomeController#index as HTML
  Rendered layouts/_header.html.haml (10.5ms)
  Rendered layouts/_footer.html.haml (0.2ms)
  Rendered home/index.html.haml within layouts/application (337.6ms)
Completed 200 OK in 532ms (Views: 529.4ms | ActiveRecord: 0.0ms)


Started GET "/" for ::1 at 2015-03-11 15:23:01 -0500
Processing by HomeController#index as HTML
  Rendered layouts/_header.html.haml (19.9ms)
  Rendered layouts/_footer.html.haml (0.2ms)
  Rendered home/index.html.haml within layouts/application (74.7ms)
Completed 200 OK in 3563ms (Views: 3561.1ms | ActiveRecord: 0.0ms)


Started GET "/" for 127.0.0.1 at 2015-05-27 21:01:15 -0500
Processing by HomeController#index as HTML
Completed 500 Internal Server Error in 1ms

NoMethodError - undefined method `user_timeline' for Twitter:Module:
  app/controllers/application_controller.rb:7:in `load_tweets'
  activesupport (4.1.6) lib/active_support/callbacks.rb:424:in `block in make_lambda'
  activesupport (4.1.6) lib/active_support/callbacks.rb:160:in `block in halting'
  activesupport (4.1.6) lib/active_support/callbacks.rb:229:in `block in halting'
  activesupport (4.1.6) lib/active_support/callbacks.rb:166:in `block in halting'
  activesupport (4.1.6) lib/active_support/callbacks.rb:86:in `run_callbacks'
  actionpack (4.1.6) lib/abstract_controller/callbacks.rb:19:in `process_action'
  actionpack (4.1.6) lib/action_controller/metal/rescue.rb:29:in `process_action'
  actionpack (4.1.6) lib/action_controller/metal/instrumentation.rb:31:in `block in process_action'
  activesupport (4.1.6) lib/active_support/notifications.rb:159:in `block in instrument'
  activesupport (4.1.6) lib/active_support/notifications/instrumenter.rb:20:in `instrument'
  activesupport (4.1.6) lib/active_support/notifications.rb:159:in `instrument'
  actionpack (4.1.6) lib/action_controller/metal/instrumentation.rb:30:in `process_action'
  actionpack (4.1.6) lib/action_controller/metal/params_wrapper.rb:250:in `process_action'
  activerecord (4.1.6) lib/active_record/railties/controller_runtime.rb:18:in `process_action'
  actionpack (4.1.6) lib/abstract_controller/base.rb:136:in `process'
  actionview (4.1.6) lib/action_view/rendering.rb:30:in `process'
  actionpack (4.1.6) lib/action_controller/metal.rb:196:in `dispatch'
  actionpack (4.1.6) lib/action_controller/metal/rack_delegation.rb:13:in `dispatch'
  actionpack (4.1.6) lib/action_controller/metal.rb:232:in `block in action'
  actionpack (4.1.6) lib/action_dispatch/routing/route_set.rb:82:in `dispatch'
  actionpack (4.1.6) lib/action_dispatch/routing/route_set.rb:50:in `call'
  actionpack (4.1.6) lib/action_dispatch/journey/router.rb:73:in `block in call'
  actionpack (4.1.6) lib/action_dispatch/journey/router.rb:59:in `call'
  actionpack (4.1.6) lib/action_dispatch/routing/route_set.rb:678:in `call'
  bullet (4.14.4) lib/bullet/rack.rb:10:in `call'
  rack (1.5.2) lib/rack/etag.rb:23:in `call'
  rack (1.5.2) lib/rack/conditionalget.rb:25:in `call'
  rack (1.5.2) lib/rack/head.rb:11:in `call'
  actionpack (4.1.6) lib/action_dispatch/middleware/params_parser.rb:27:in `call'
  actionpack (4.1.6) lib/action_dispatch/middleware/flash.rb:254:in `call'
  rack (1.5.2) lib/rack/session/abstract/id.rb:225:in `context'
  rack (1.5.2) lib/rack/session/abstract/id.rb:220:in `call'
  actionpack (4.1.6) lib/action_dispatch/middleware/cookies.rb:560:in `call'
  activerecord (4.1.6) lib/active_record/query_cache.rb:36:in `call'
  activerecord (4.1.6) lib/active_record/connection_adapters/abstract/connection_pool.rb:621:in `call'
  activerecord (4.1.6) lib/active_record/migration.rb:380:in `call'
  actionpack (4.1.6) lib/action_dispatch/middleware/callbacks.rb:29:in `block in call'
  activesupport (4.1.6) lib/active_support/callbacks.rb:82:in `run_callbacks'
  actionpack (4.1.6) lib/action_dispatch/middleware/callbacks.rb:27:in `call'
  actionpack (4.1.6) lib/action_dispatch/middleware/reloader.rb:73:in `call'
  actionpack (4.1.6) lib/action_dispatch/middleware/remote_ip.rb:76:in `call'
  better_errors (2.1.1) lib/better_errors/middleware.rb:84:in `protected_app_call'
  better_errors (2.1.1) lib/better_errors/middleware.rb:79:in `better_errors_call'
  better_errors (2.1.1) lib/better_errors/middleware.rb:57:in `call'
  actionpack (4.1.6) lib/action_dispatch/middleware/debug_exceptions.rb:17:in `call'
  actionpack (4.1.6) lib/action_dispatch/middleware/show_exceptions.rb:30:in `call'
  railties (4.1.6) lib/rails/rack/logger.rb:38:in `call_app'
  railties (4.1.6) lib/rails/rack/logger.rb:20:in `block in call'
  activesupport (4.1.6) lib/active_support/tagged_logging.rb:68:in `block in tagged'
  activesupport (4.1.6) lib/active_support/tagged_logging.rb:26:in `tagged'
  activesupport (4.1.6) lib/active_support/tagged_logging.rb:68:in `tagged'
  railties (4.1.6) lib/rails/rack/logger.rb:20:in `call'
  quiet_assets (1.1.0) lib/quiet_assets.rb:27:in `call_with_quiet_assets'
  actionpack (4.1.6) lib/action_dispatch/middleware/request_id.rb:21:in `call'
  rack (1.5.2) lib/rack/methodoverride.rb:21:in `call'
  rack (1.5.2) lib/rack/runtime.rb:17:in `call'
  activesupport (4.1.6) lib/active_support/cache/strategy/local_cache_middleware.rb:26:in `call'
  rack (1.5.2) lib/rack/lock.rb:17:in `call'
  actionpack (4.1.6) lib/action_dispatch/middleware/static.rb:64:in `call'
  rack (1.5.2) lib/rack/sendfile.rb:112:in `call'
  railties (4.1.6) lib/rails/engine.rb:514:in `call'
  railties (4.1.6) lib/rails/application.rb:144:in `call'
  rack (1.5.2) lib/rack/content_length.rb:14:in `call'
  puma (2.11.1) lib/puma/server.rb:507:in `handle_request'
  puma (2.11.1) lib/puma/server.rb:375:in `process_client'
  puma (2.11.1) lib/puma/server.rb:262:in `block in run'
  puma (2.11.1) lib/puma/thread_pool.rb:104:in `block in spawn_thread'



Started POST "/__better_errors/ad087661d2cadfb5/variables" for 127.0.0.1 at 2015-05-27 21:01:16 -0500


Started GET "/" for 127.0.0.1 at 2015-05-27 21:03:41 -0500
Processing by HomeController#index as HTML
  Rendered layouts/_header.html.haml (226.8ms)
  Rendered layouts/_footer.html.haml (2.4ms)
  Rendered home/index.html.haml within layouts/application (579.2ms)
Completed 200 OK in 4154ms (Views: 4153.7ms | ActiveRecord: 0.0ms)


Started GET "/" for 127.0.0.1 at 2015-05-27 21:09:19 -0500
Processing by HomeController#index as HTML
  Rendered layouts/_header.html.haml (1.6ms)
  Rendered layouts/_footer.html.haml (0.1ms)
  Rendered home/index.html.haml within layouts/application (50.0ms)
Completed 200 OK in 277ms (Views: 277.0ms | ActiveRecord: 0.0ms)


Started GET "/" for 127.0.0.1 at 2015-05-27 21:10:05 -0500
Processing by HomeController#index as HTML
  Rendered layouts/_header.html.haml (1.9ms)
  Rendered layouts/_footer.html.haml (0.1ms)
  Rendered home/index.html.haml within layouts/application (9.6ms)
Completed 200 OK in 118ms (Views: 117.5ms | ActiveRecord: 0.0ms)


Started GET "/" for 127.0.0.1 at 2015-05-27 21:11:37 -0500
Processing by HomeController#index as HTML
  Rendered layouts/_header.html.haml (25.8ms)
  Rendered layouts/_footer.html.haml (1.4ms)
  Rendered home/index.html.haml within layouts/application (147.0ms)
Completed 200 OK in 2967ms (Views: 2966.8ms | ActiveRecord: 0.0ms)


Started GET "/" for 127.0.0.1 at 2015-05-27 21:15:08 -0500
Processing by HomeController#index as HTML
  Rendered layouts/_header.html.haml (71.4ms)
  Rendered layouts/_footer.html.haml (1.3ms)
  Rendered home/index.html.haml within layouts/application (288.4ms)
Completed 200 OK in 4428ms (Views: 4427.2ms | ActiveRecord: 0.0ms)


Started GET "/" for 127.0.0.1 at 2015-05-27 21:20:09 -0500
Processing by HomeController#index as HTML
  Rendered layouts/_header.html.haml (1.4ms)
  Rendered layouts/_footer.html.haml (0.1ms)
  Rendered home/index.html.haml within layouts/application (9.8ms)
Completed 200 OK in 2348ms (Views: 2347.7ms | ActiveRecord: 0.0ms)


Started GET "/" for 127.0.0.1 at 2015-11-20 00:19:55 -0600
Processing by HomeController#index as HTML
  Rendered layouts/_header.html.haml (37.9ms)
  Rendered layouts/_footer.html.haml (1.5ms)
  Rendered home/index.html.haml within layouts/application (203.0ms)
Completed 200 OK in 771ms (Views: 770.5ms | ActiveRecord: 0.0ms)
